+: Thank you for your order, your order number is: 254
+: Order confirmation #254
+: Thank you for your order, your order number is: 260
+: Order confirmation #260
+: Thank you for your order, your order number is: 265
+: Order confirmation #265
+: Thank you for your order, your order number is: 267
+: Order confirmation #267
+: Thank you for your order, your order number is: 273_1
+: Order confirmation #273_1
+: Thank you for your order, your order number is: 273_2
+: Order confirmation #273_2
+: Thank you for your order, your order number is: 273_3
+: Order confirmation #273_3
+: Thank you for your order, your order number is: 284
+: Order confirmation #284
+: Thank you for your order, your order number is: 273_4
+: Order confirmation #273_4
+: Thank you for your order, your order number is: 292
+: Order confirmation #292
+: Thank you for your order, your order number is: 293
+: Order confirmation #293
+: Thank you for your order, your order number is: 297
+: Order confirmation #297
+: Thank you for your order, your order number is: 298
+: Order confirmation #298
+: Thank you for your order, your order number is: 298_1
+: Order confirmation #298_1
+: Thank you for your order, your order number is: 298_2
+: Order confirmation #298_2
+: Thank you for your order, your order number is: 298_3
+: Order confirmation #298_3
+: Thank you for your order, your order number is: 302
+: Order confirmation #302
+: Thank you for your order, your order number is: 302_1
+: Order confirmation #302_1
+: Order confirmation #309_1
+: Thank you for your order, your order number is: 311
+: Order confirmation #311
+: Thank you for your order, your order number is: 314
+: Order confirmation #314
+: Thank you for your order, your order number is: 318
+: Order confirmation #318
+: Thank you for your order, your order number is: 319
+: Order confirmation #319
+: Thank you for your order, your order number is: 338
+: Order confirmation #338
+: Thank you for your order, your order number is: 341
+: Order confirmation #341
+: Thank you for your order, your order number is: 343
+: Order confirmation #343
+: Thank you for your order, your order number is: 344
+: Order confirmation #344
+: Thank you for your order, your order number is: 348
+: Order confirmation #348
+: Thank you for your order, your order number is: 350
+: Order confirmation #350
+: Thank you for your order, your order number is: 351
+: Order confirmation #351
+: Thank you for your order, your order number is: 352
+: Order confirmation #352
+: Order confirmation #345_1
+: Thank you for your order, your order number is: 358
+: Order confirmation #358
+: Order status #358 has changed. Completed
+: Thank you for your order, your order number is: 359
+: Order confirmation #359
+: Thank you for your order, your order number is: 367
+: Order confirmation #367
+: Thank you for your order, your order number is: 374
+: Order confirmation #374
+: Thank you for your order, your order number is: 38
+: Order confirmation #38
+: Thank you for your order, your order number is: 38_1
+: Order confirmation #38_1
