Thankyour for your order, your order number is: 99
Order confirmation #99
Thankyour for your order, your order number is: 100
Order confirmation #100
Thankyour for your order, your order number is: 101
Order confirmation #101
Thankyour for your order, your order number is: 102
Order confirmation #102
+19526495566: Thank you for your order, your order number is: 147
+19526495566: Order confirmation #147
+19526495566: Thank you for your order, your order number is: 148
+19526495566: Order confirmation #148
+19526495566: Order confirmation #158
+19526495566: Thank you for your order, your order number is: 159
+19526495566: Order confirmation #160
+19526495566: Thank you for your order, your order number is: 161
+19526495566: Order confirmation #161
+19526495566: Order confirmation #162
+19526495566: Order confirmation #163
+3315512546: Order confirmation #164
+3315512546: Order confirmation #165
+19526495566: Order confirmation #166
+: Order confirmation #167
+: Thank you for your order, your order number is: 168
+: Order confirmation #169
+: Order confirmation #170
+19526495566: Order confirmation #171
+19526495566: Order confirmation #172
+: Order confirmation #173
+19526495566: Order confirmation #174
+19526495566: Order confirmation #175
+: Order confirmation #176
+: Thank you for your order, your order number is: 177
+: Order confirmation #178
+19526495566: Order confirmation #179
+: Order confirmation #180
+: Order confirmation #181
+: Thank you for your order, your order number is: 182
+: Order confirmation #183
+: Order confirmation #184
+: Order confirmation #185
+19526495566: Order confirmation #186
+: Order confirmation #187
+19526495566: Order confirmation #188
+: Thank you for your order, your order number is: 189
+: Thank you for your order, your order number is: 190
+19526495566: Order confirmation #191
+: Order confirmation #192
+: Order confirmation #193
+19526495566: Order confirmation #194
+: Order confirmation #201
+19526495566: Order confirmation #219
+19526495566: Order confirmation #220
+19526495566: Order confirmation #221
+: Order confirmation #226
+: Order confirmation #265
+19526495566: Thank you for your order, your order number is: 292
+19526495566: Order confirmation #292
+19526495566: Thank you for your order, your order number is: 293
+19526495566: Order confirmation #293
+19526495566: Order confirmation #298
+19526495566: Thank you for your order, your order number is: 299
+19526495566: Order confirmation #299
+19526495566: Thank you for your order, your order number is: 300
+19526495566: Order confirmation #300
+19526495566: Thank you for your order, your order number is: 301
+19526495566: Order confirmation #301
+0031858883833: Order confirmation #371
+0031858883833: Thank you for your order, your order number is: 372
+0031858883833: Order confirmation #372
+19526495566: Thank you for your order, your order number is: 197
+19526495566: Order confirmation #197
+19526495566: Order confirmation #198
+123213: Thank you for your order, your order number is: 341
+123213: Order confirmation #341
+123213: Order confirmation #342
+123213: Order confirmation #347
+123213: Order confirmation #348
+123213: Order confirmation #4
+123213: Order confirmation #5
+: Order confirmation #10
+: Order confirmation #11
+: Thank you for your order, your order number is: 12
+: Order confirmation #12
+: Order confirmation #13
+: Thank you for your order, your order number is: 14
+: Order confirmation #14
+123213: Thank you for your order, your order number is: 15
+123213: Order confirmation #15
+123213: Order confirmation #16
+123213: Order confirmation #17
+123213: Order confirmation #18
+: Thank you for your order, your order number is: 19
+: Order confirmation #19
+: Order confirmation #20
+: Order confirmation #23
+: Order confirmation #24
+: Order confirmation #25
+1 801-701-8062: Order confirmation #286
+1 415-599-2671: Click: http://www.varmmat.se/mobile.php?sms=0733765677 Code:51329
+1 415-599-2671: Click: http://www.varmmat.se/mobile.php?sms=0733765677 Code:52735
+1 415-599-2671: Click: http://www.varmmat.se/mobile.php?sms=0736756262 Code:93119
+1 415-599-2671: Click: http://www.varmmat.se/mobile.php?sms=0736756262 Code:94325
+1 415-599-2671: Click: http://www.www.varmmat.se/mobile.php?sms=657867678 Code:60511
+1 415-599-2671: Click: http://www.www.varmmat.se/mobile.php?sms=9878451263 Code:63111
+1 415-599-2671: Click: http://www.www.varmmat.se/mobile.php?sms=9035455664 Code:60214
